<?xml version="1.0" encoding="UTF-8"?>
<!-- Generated by org.testng.reporters.JUnitXMLReporter -->
<testsuite ignored="0" hostname="LAPTOP-GGCHOE7J" failures="1" tests="1" name="Surefire test" time="9.44" errors="0" timestamp="2025-05-01T19:23:18 IST">
  <testcase classname="com.example.RedirectTest" name="testRedirect" time="1.349">
    <failure type="java.lang.AssertionError" message="Page title does not match! expected [Expected Page Title] but found [- Authentication]">
      <![CDATA[java.lang.AssertionError: Page title does not match! expected [Expected Page Title] but found [- Authentication]
at com.example.RedirectTest.testRedirect(RedirectTest.java:15)
at java.base/java.util.ArrayList.forEach(ArrayList.java:1511)
... Removed 37 stack frames]]>
    </failure>
  </testcase> <!-- testRedirect -->
</testsuite> <!-- Surefire test -->
