<?xml version="1.0" encoding="UTF-8"?>
<testsuite xmlns:xsi="http://www.w3.org/2001/XMLSchema-instance" xsi:noNamespaceSchemaLocation="https://maven.apache.org/surefire/maven-surefire-plugin/xsd/surefire-test-report.xsd" name="com.example.RedirectTest" time="10.871" tests="1" errors="0" skipped="0" failures="1">
  <properties>
[...]
</properties>
  <testcase name="testRedirect" classname="com.example.RedirectTest" time="1.358">
    <failure message="Page title does not match! expected [Expected Page Title] but found [- Authentication]" type="java.lang.AssertionError">java.lang.AssertionError: Page title does not match! expected [Expected Page Title] but found [- Authentication]
	at com.example.RedirectTest.testRedirect(RedirectTest.java:15)
</failure>
    <system-err><![CDATA[SLF4J(W): No SLF4J providers were found.
SLF4J(W): Defaulting to no-operation (NOP) logger implementation
SLF4J(W): See https://www.slf4j.org/codes.html#noProviders for further details.
]]></system-err>
  </testcase>
</testsuite>